<?xml version="1.0" encoding="UTF-8"?>
<testsuite xmlns:xsi="http://www.w3.org/2001/XMLSchema-instance" xsi:schemaLocation="https://maven.apache.org/surefire/maven-surefire-plugin/xsd/surefire-test-report.xsd" name="com.mthree.vendingmachine.service.VendingMachineServiceLayerImplTest" time="0.35" tests="6" errors="0" skipped="0" failures="0">
  <properties>
[...]
</properties>
  <testcase name="testGetItem" classname="com.mthree.vendingmachine.service.VendingMachineServiceLayerImplTest" time="0.009"/>
  <testcase name="testGetChangePerCoin" classname="com.mthree.vendingmachine.service.VendingMachineServiceLayerImplTest" time="0"/>
  <testcase name="testGetItemsInStockWithCosts" classname="com.mthree.vendingmachine.service.VendingMachineServiceLayerImplTest" time="0"/>
  <testcase name="testRemoveOneItemFromInventory" classname="com.mthree.vendingmachine.service.VendingMachineServiceLayerImplTest" time="0"/>
  <testcase name="testCheckIfEnoughMoney" classname="com.mthree.vendingmachine.service.VendingMachineServiceLayerImplTest" time="0"/>
  <testcase name="testSomeMethod" classname="com.mthree.vendingmachine.service.VendingMachineServiceLayerImplTest" time="0"/>
</testsuite>